{"/Users/codeminer/fidelisclayton/ufrn-messenger-bot/app/components/__tests__/button-template.test.js":{"path":"/Users/codeminer/fidelisclayton/ufrn-messenger-bot/app/components/__tests__/button-template.test.js","s":{"1":1,"2":1,"3":1,"4":1,"5":1,"6":2,"7":1,"8":1,"9":1,"10":1},"b":{"1":[1,1],"2":[2,2]},"f":{"1":2,"2":1,"3":1},"fnMap":{"1":{"name":"_interopRequireDefault","line":0,"loc":{"start":{"line":0,"column":0},"end":{"line":0,"column":0}},"skip":true},"2":{"name":"(anonymous_2)","line":4,"loc":{"start":{"line":4,"column":28},"end":{"line":4,"column":34}}},"3":{"name":"(anonymous_3)","line":5,"loc":{"start":{"line":5,"column":40},"end":{"line":5,"column":46}}}},"statementMap":{"1":{"start":{"line":1,"column":0},"end":{"line":null,"column":null}},"2":{"start":{"line":0,"column":0},"end":{"line":0,"column":0},"skip":true},"3":{"start":{"line":2,"column":0},"end":{"line":null,"column":null}},"4":{"start":{"line":0,"column":0},"end":{"line":0,"column":0},"skip":true},"5":{"start":{"line":0,"column":0},"end":{"line":0,"column":0},"skip":true},"6":{"start":{"line":0,"column":0},"end":{"line":0,"column":0},"skip":true},"7":{"start":{"line":4,"column":0},"end":{"line":null,"column":null}},"8":{"start":{"line":5,"column":5},"end":{"line":null,"column":null}},"9":{"start":{"line":6,"column":10},"end":{"line":null,"column":null}},"10":{"start":{"line":22,"column":11},"end":{"line":null,"column":null}}},"branchMap":{"1":{"line":0,"type":"cond-expr","locations":[{"start":{"line":0,"column":0},"end":{"line":0,"column":0},"skip":true},{"start":{"line":0,"column":0},"end":{"line":0,"column":0},"skip":true}]},"2":{"line":0,"type":"binary-expr","locations":[{"start":{"line":0,"column":0},"end":{"line":0,"column":0},"skip":true},{"start":{"line":0,"column":0},"end":{"line":0,"column":0},"skip":true}]}}},"/Users/codeminer/fidelisclayton/ufrn-messenger-bot/app/components/button-template.js":{"path":"/Users/codeminer/fidelisclayton/ufrn-messenger-bot/app/components/button-template.js","s":{"1":1,"2":1,"3":1,"4":1},"b":{"1":[1,0]},"f":{"1":1},"fnMap":{"1":{"name":"(anonymous_1)","line":1,"loc":{"start":{"line":1,"column":15},"end":{"line":null,"column":null}}}},"statementMap":{"1":{"start":{"line":0,"column":0},"end":{"line":0,"column":0},"skip":true},"2":{"start":{"line":1,"column":15},"end":{"line":null,"column":null}},"3":{"start":{"line":1,"column":18},"end":{"line":null,"column":null}},"4":{"start":{"line":1,"column":54},"end":{"line":null,"column":null}}},"branchMap":{"1":{"line":1,"type":"cond-expr","locations":[{"start":{"line":1,"column":44},"end":{"line":1,"column":15}},{"start":{"line":0,"column":0},"end":{"line":0,"column":0},"skip":true}]}}}}